<?xml version="1.0" encoding="UTF-8"?>
<!-- Generated by org.testng.reporters.JUnitReportReporter -->
<testsuite hostname="LAPTOP-A885U1BH" failures="0" tests="6" name="piit.AutomationTrainingProgram.Execution" time="0.012" errors="0" timestamp="2022-05-11T17:27:12 EDT" skipped="0">
  <testcase classname="piit.AutomationTrainingProgram.Execution" name="f" time="0.001"/>
  <system-out/>
  <testcase classname="piit.AutomationTrainingProgram.Execution" name="Test2" time="0.001"/>
  <system-out/>
  <testcase classname="piit.AutomationTrainingProgram.Execution" name="f" time="0.005"/>
  <system-out/>
  <testcase classname="piit.AutomationTrainingProgram.Execution" name="Test2" time="0.002"/>
  <system-out/>
  <testcase classname="piit.AutomationTrainingProgram.Execution" name="f" time="0.001"/>
  <system-out/>
  <testcase classname="piit.AutomationTrainingProgram.Execution" name="Test2" time="0.002"/>
  <system-out/>
</testsuite> <!-- piit.AutomationTrainingProgram.Execution -->
