<?xml version="1.0" encoding="UTF-8"?>
<!-- Generated by org.testng.reporters.JUnitReportReporter -->
<testsuite hostname="LAPTOP-A885U1BH" failures="0" tests="1" name="piit.AutomationTrainingProgram.browserBeforeAfterClass" time="0.159" errors="0" timestamp="2022-04-26T22:57:54 EDT" skipped="0">
  <testcase classname="piit.AutomationTrainingProgram.browserBeforeAfterClass" name="f" time="0.159"/>
  <system-out/>
</testsuite> <!-- piit.AutomationTrainingProgram.browserBeforeAfterClass -->
