<?xml version="1.0" encoding="UTF-8"?>
<!-- Generated by org.testng.reporters.JUnitReportReporter -->
<testsuite hostname="LAPTOP-A885U1BH" failures="0" tests="2" name="PageObjectModel.POMScreenShot" time="4.581" errors="0" timestamp="2022-05-10T20:57:34 EDT" skipped="0">
  <testcase classname="PageObjectModel.POMScreenShot" name="FacebookmainPic" time="0.001"/>
  <system-out/>
  <testcase classname="PageObjectModel.POMScreenShot" name="beforeClass" time="4.580"/>
  <system-out/>
</testsuite> <!-- PageObjectModel.POMScreenShot -->
